#
# There is insufficient memory for the Java Runtime Environment to continue.
# Native memory allocation (malloc) failed to allocate 1048576 bytes. Error detail: AllocateHeap
# Possible reasons:
#   The system is out of physical RAM or swap space
#   This process is running with CompressedOops enabled, and the Java Heap may be blocking the growth of the native heap
# Possible solutions:
#   Reduce memory load on the system
#   Increase physical memory or swap space
#   Check if swap backing store is full
#   Decrease Java heap size (-Xmx/-Xms)
#   Decrease number of Java threads
#   Decrease Java thread stack sizes (-Xss)
#   Set larger code cache with -XX:ReservedCodeCacheSize=
#   JVM is running with Unscaled Compressed Oops mode in which the Java heap is
#     placed in the first 4GB address space. The Java Heap base address is the
#     maximum limit for the native heap growth. Please use -XX:HeapBaseMinAddress
#     to set the Java Heap base and to place the Java Heap above 4GB virtual address.
# This output file may be truncated or incomplete.
#
#  Out of Memory Error (allocation.cpp:44), pid=27028, tid=31124
#
# JRE version:  (21.0.5+11) (build )
# Java VM: OpenJDK 64-Bit Server VM (21.0.5+11-LTS, mixed mode, sharing, tiered, compressed oops, compressed class ptrs, g1 gc, windows-amd64)
# No core dump will be written. Minidumps are not enabled by default on client versions of Windows
#

---------------  S U M M A R Y ------------

Command Line: -XX:+ShowCodeDetailsInExceptionMessages src.deposit

Host: 11th Gen Intel(R) Core(TM) i3-1115G4 @ 3.00GHz, 4 cores, 7G,  Windows 11 , 64 bit Build 26100 (10.0.26100.3624)
Time: Mon Apr 14 19:14:27 2025 India Standard Time elapsed time: 0.069090 seconds (0d 0h 0m 0s)

---------------  T H R E A D  ---------------

Current thread (0x000002161b926150):  JavaThread "Unknown thread" [_thread_in_vm, id=31124, stack(0x000000ad26c00000,0x000000ad26d00000) (1024K)]

Stack: [0x000000ad26c00000,0x000000ad26d00000]
Native frames: (J=compiled Java code, j=interpreted, Vv=VM code, C=native code)
V  [jvm.dll+0x6cd4e9]
V  [jvm.dll+0x8a7941]
V  [jvm.dll+0x8a9e6e]
V  [jvm.dll+0x8aa543]
V  [jvm.dll+0x27f6d6]
V  [jvm.dll+0xbfb37]
V  [jvm.dll+0x327c75]
V  [jvm.dll+0x870b6d]
V  [jvm.dll+0x3bc1e1]
V  [jvm.dll+0x859cd3]
V  [jvm.dll+0x4504ee]
V  [jvm.dll+0x452131]
C  [jli.dll+0x5278]
C  [ucrtbase.dll+0x37b0]
C  [KERNEL32.DLL+0x2e8d7]
C  [ntdll.dll+0xb14fc]


---------------  P R O C E S S  ---------------

Threads class SMR info:
_java_thread_list=0x00007ffa713c90c8, length=0, elements={
}

Java Threads: ( => current thread )
Total: 0

Other Threads:

=>0x000002161b926150 (exited) JavaThread "Unknown thread"    [_thread_in_vm, id=31124, stack(0x000000ad26c00000,0x000000ad26d00000) (1024K)]
Total: 1

Threads with active compile tasks:
Total: 0

VM state: not at safepoint (not fully initialized)

VM Mutex/Monitor currently owned by a thread: None

Heap address: 0x0000000000000000, size: 0 MB, Compressed Oops mode: 32-bit

CDS archive(s) mapped at: [0x0000000000000000-0x0000000000000000-0x0000000000000000), size 0, SharedBaseAddress: 0x0000000800000000, ArchiveRelocationMode: 1.
Narrow klass base: 0x0000000000000000, Narrow klass shift: 0, Narrow klass range: 0x0

GC Precious Log:
 CardTable entry size: 512
 Card Set container configuration: InlinePtr #cards 5 size 8 Array Of Cards #cards 12 size 40 Howl #buckets 4 coarsen threshold 1843 Howl Bitmap #cards 512 size 80 coarsen threshold 460 Card regions per heap region 1 cards per card region 2048

GC Heap History (0 events):
No events

Dll operation events (1 events):
Event: 0.008 Loaded shared library C:\Program Files\Eclipse Adoptium\jdk-21.0.5.11-hotspot\bin\java.dll

Deoptimization events (0 events):
No events

Classes loaded (0 events):
No events

Classes unloaded (0 events):
No events

Classes redefined (0 events):
No events

Internal exceptions (0 events):
No events

ZGC Phase Switch (0 events):
No events

VM Operations (0 events):
No events

Memory protections (0 events):
No events

Nmethod flushes (0 events):
No events

Events (0 events):
No events


Dynamic libraries:
0x00007ff72e850000 - 0x00007ff72e85e000 	C:\Program Files\Eclipse Adoptium\jdk-21.0.5.11-hotspot\bin\java.exe
0x00007ffb189c0000 - 0x00007ffb18c20000 	C:\WINDOWS\SYSTEM32\ntdll.dll
0x00007ffb17c10000 - 0x00007ffb17cd7000 	C:\WINDOWS\System32\KERNEL32.DLL
0x00007ffb15d80000 - 0x00007ffb1614b000 	C:\WINDOWS\System32\KERNELBASE.dll
0x00007ffb16150000 - 0x00007ffb1629b000 	C:\WINDOWS\System32\ucrtbase.dll
0x00007ffadc980000 - 0x00007ffadc99e000 	C:\Program Files\Eclipse Adoptium\jdk-21.0.5.11-hotspot\bin\VCRUNTIME140.dll
0x00007ffadcbe0000 - 0x00007ffadcbf8000 	C:\Program Files\Eclipse Adoptium\jdk-21.0.5.11-hotspot\bin\jli.dll
0x00007ffb17d80000 - 0x00007ffb17f4c000 	C:\WINDOWS\System32\USER32.dll
0x00007ffafcb50000 - 0x00007ffafcde7000 	C:\WINDOWS\WinSxS\amd64_microsoft.windows.common-controls_6595b64144ccf1df_6.0.26100.3624_none_3e086962e3345f24\COMCTL32.dll
0x00007ffb164a0000 - 0x00007ffb164c7000 	C:\WINDOWS\System32\win32u.dll
0x00007ffb18180000 - 0x00007ffb18229000 	C:\WINDOWS\System32\msvcrt.dll
0x00007ffb17d50000 - 0x00007ffb17d7a000 	C:\WINDOWS\System32\GDI32.dll
0x00007ffb15c40000 - 0x00007ffb15d71000 	C:\WINDOWS\System32\gdi32full.dll
0x00007ffb164d0000 - 0x00007ffb16573000 	C:\WINDOWS\System32\msvcp_win.dll
0x00007ffb16960000 - 0x00007ffb1698f000 	C:\WINDOWS\System32\IMM32.DLL
0x00007ffaf38c0000 - 0x00007ffaf38cc000 	C:\Program Files\Eclipse Adoptium\jdk-21.0.5.11-hotspot\bin\vcruntime140_1.dll
0x00007ffa8fd30000 - 0x00007ffa8fdbd000 	C:\Program Files\Eclipse Adoptium\jdk-21.0.5.11-hotspot\bin\msvcp140.dll
0x00007ffa70790000 - 0x00007ffa7151f000 	C:\Program Files\Eclipse Adoptium\jdk-21.0.5.11-hotspot\bin\server\jvm.dll
0x00007ffb18080000 - 0x00007ffb18133000 	C:\WINDOWS\System32\ADVAPI32.dll
0x00007ffb17a50000 - 0x00007ffb17af6000 	C:\WINDOWS\System32\sechost.dll
0x00007ffb17320000 - 0x00007ffb17436000 	C:\WINDOWS\System32\RPCRT4.dll
0x00007ffb17b90000 - 0x00007ffb17c04000 	C:\WINDOWS\System32\WS2_32.dll
0x00007ffb14ff0000 - 0x00007ffb1504e000 	C:\WINDOWS\SYSTEM32\POWRPROF.dll
0x00007ffb0d2a0000 - 0x00007ffb0d2d6000 	C:\WINDOWS\SYSTEM32\WINMM.dll
0x00007ffb04dd0000 - 0x00007ffb04ddb000 	C:\WINDOWS\SYSTEM32\VERSION.dll
0x00007ffb14f60000 - 0x00007ffb14f74000 	C:\WINDOWS\SYSTEM32\UMPDC.dll
0x00007ffb149b0000 - 0x00007ffb149ca000 	C:\WINDOWS\SYSTEM32\kernel.appcore.dll
0x00007ffaf3840000 - 0x00007ffaf384a000 	C:\Program Files\Eclipse Adoptium\jdk-21.0.5.11-hotspot\bin\jimage.dll
0x00007ffb133c0000 - 0x00007ffb13601000 	C:\WINDOWS\SYSTEM32\DBGHELP.DLL
0x00007ffb18500000 - 0x00007ffb18883000 	C:\WINDOWS\System32\combase.dll
0x00007ffb18410000 - 0x00007ffb184e6000 	C:\WINDOWS\System32\OLEAUT32.dll
0x00007ffaf5c80000 - 0x00007ffaf5cb9000 	C:\WINDOWS\SYSTEM32\dbgcore.DLL
0x00007ffb15ba0000 - 0x00007ffb15c39000 	C:\WINDOWS\System32\bcryptPrimitives.dll
0x00007ffadb0d0000 - 0x00007ffadb0ef000 	C:\Program Files\Eclipse Adoptium\jdk-21.0.5.11-hotspot\bin\java.dll

dbghelp: loaded successfully - version: 4.0.5 - missing functions: none
symbol engine: initialized successfully - sym options: 0x614 - pdb path: .;C:\Program Files\Eclipse Adoptium\jdk-21.0.5.11-hotspot\bin;C:\WINDOWS\SYSTEM32;C:\WINDOWS\WinSxS\amd64_microsoft.windows.common-controls_6595b64144ccf1df_6.0.26100.3624_none_3e086962e3345f24;C:\Program Files\Eclipse Adoptium\jdk-21.0.5.11-hotspot\bin\server

VM Arguments:
jvm_args: -XX:+ShowCodeDetailsInExceptionMessages 
java_command: src.deposit
java_class_path (initial): C:\Users\srush\AppData\Roaming\Code\User\workspaceStorage\c8f853479fa778b0ffa91bd49469caa0\redhat.java\jdt_ws\project1-atm_6cfe03d\bin;c:\Users\srush\Downloads\mysql-connector-java-8.0.28.jar;c:\Users\srush\Downloads\jcalendar-tz-1.3.3-4.jar
Launcher Type: SUN_STANDARD

[Global flags]
     intx CICompilerCount                          = 3                                         {product} {ergonomic}
     uint ConcGCThreads                            = 1                                         {product} {ergonomic}
     uint G1ConcRefinementThreads                  = 4                                         {product} {ergonomic}
   size_t G1HeapRegionSize                         = 1048576                                   {product} {ergonomic}
    uintx GCDrainStackTargetSize                   = 64                                        {product} {ergonomic}
   size_t InitialHeapSize                          = 130023424                                 {product} {ergonomic}
   size_t MarkStackSize                            = 4194304                                   {product} {ergonomic}
   size_t MaxHeapSize                              = 2067791872                                {product} {ergonomic}
   size_t MinHeapDeltaBytes                        = 1048576                                   {product} {ergonomic}
   size_t MinHeapSize                              = 8388608                                   {product} {ergonomic}
    uintx NonNMethodCodeHeapSize                   = 5832780                                {pd product} {ergonomic}
    uintx NonProfiledCodeHeapSize                  = 122912730                              {pd product} {ergonomic}
    uintx ProfiledCodeHeapSize                     = 122912730                              {pd product} {ergonomic}
    uintx ReservedCodeCacheSize                    = 251658240                              {pd product} {ergonomic}
     bool SegmentedCodeCache                       = true                                      {product} {ergonomic}
     bool ShowCodeDetailsInExceptionMessages       = true                                   {manageable} {command line}
   size_t SoftMaxHeapSize                          = 2067791872                             {manageable} {ergonomic}
     bool UseCompressedOops                        = true                           {product lp64_product} {ergonomic}
     bool UseG1GC                                  = true                                      {product} {ergonomic}
     bool UseLargePagesIndividualAllocation        = false                                  {pd product} {ergonomic}

Logging:
Log output configuration:
 #0: stdout all=warning uptime,level,tags foldmultilines=false
 #1: stderr all=off uptime,level,tags foldmultilines=false

Environment Variables:
PATH=C:\Program Files\Eclipse Adoptium\jdk-21.0.5.11-hotspot\bin;C:\Program Files\Common Files\Oracle\Java\javapath;C:\WINDOWS\system32;C:\WINDOWS;C:\WINDOWS\System32\Wbem;C:\WINDOWS\System32\WindowsPowerShell\v1.0\;C:\WINDOWS\System32\OpenSSH\;C:\MinGW\bin;C:\Program Files\nodejs\;C:\Program Files\Git\cmd;C:\Program Files\MySQL\MySQL Server 8.0\bin;C:\Users\srush\Downloads\apache-maven-3.9.9-bin.zip\apache-maven-3.9.9\bin;C:\Program Files\Apache\apache-maven-3.9.9\bin;C:\Program Files\JetBrains\IntelliJ IDEA Community Edition 2024.2.3\bin;C:\Users\srush\Downloads\jcalendar-1.4.zip\bin;C:\Program Files\MySQL\MySQL Shell 8.0\bin\;C:\Users\srush\AppData\Local\Programs\Python\Python313\Scripts\;C:\Users\srush\AppData\Local\Programs\Python\Python313\;C:\Users\srush\AppData\Local\Programs\Python\Python311\Scripts\;C:\Users\srush\AppData\Local\Programs\Python\Python311\;C:\Users\srush\AppData\Local\Programs\Python\Python312\Scripts\;C:\Users\srush\AppData\Local\Programs\Python\Python312\;C:\Users\srush\AppData\Local\Microsoft\WindowsApps;C:\Users\srush\AppData\Local\Programs\Microsoft VS Code\bin;C:\Users\srush\AppData\Roaming\npm;C:\Users\srush\Downloads\node-v20.16.0-x64 (1).msi;C:\ProgramData\srush\GitHubDesktop\bin;C:\Users\srush\AppData\Local\GitHubDesktop\bin;;c:\Users\srush\.vscode\extensions\ms-python.debugpy-2025.6.0-win32-x64\bundled\scripts\noConfigScripts
USERNAME=srush
LANG=en_US.UTF-8
OS=Windows_NT
PROCESSOR_IDENTIFIER=Intel64 Family 6 Model 140 Stepping 1, GenuineIntel
TMP=C:\Users\srush\AppData\Local\Temp
TEMP=C:\Users\srush\AppData\Local\Temp




Periodic native trim disabled

---------------  S Y S T E M  ---------------

OS:
 Windows 11 , 64 bit Build 26100 (10.0.26100.3624)
OS uptime: 0 days 3:15 hours

CPU: total 4 (initial active 4) (2 cores per cpu, 2 threads per core) family 6 model 140 stepping 1 microcode 0xa4, cx8, cmov, fxsr, ht, mmx, 3dnowpref, sse, sse2, sse3, ssse3, sse4.1, sse4.2, popcnt, lzcnt, tsc, tscinvbit, avx, avx2, aes, erms, clmul, bmi1, bmi2, adx, avx512f, avx512dq, avx512cd, avx512bw, avx512vl, sha, fma, vzeroupper, avx512_vpopcntdq, avx512_vpclmulqdq, avx512_vaes, avx512_vnni, clflush, clflushopt, clwb, avx512_vbmi2, avx512_vbmi, rdtscp, rdpid, fsrm, gfni, avx512_bitalg, f16c, pku, cet_ibt, cet_ss, avx512_ifma
Processor Information for all 4 processors :
  Max Mhz: 2995, Current Mhz: 2995, Mhz Limit: 2995

Memory: 4k page, system-wide physical 7886M (517M free)
TotalPageFile size 32462M (AvailPageFile size 7M)
current process WorkingSet (physical memory assigned to process): 11M, peak: 11M
current process commit charge ("private bytes"): 14M, peak: 15M

vm_info: OpenJDK 64-Bit Server VM (21.0.5+11-LTS) for windows-amd64 JRE (21.0.5+11-LTS), built on 2024-10-15T00:00:00Z by "admin" with MS VC++ 17.7 (VS2022)

END.
